#
# A fatal error has been detected by the Java Runtime Environment:
#
#  SIGSEGV (0xb) at pc=0x0000000130a4fadb, pid=6723, tid=15111
#
# JRE version: OpenJDK Runtime Environment (11.0.2+9) (build 11.0.2+9)
# Java VM: OpenJDK 64-Bit Server VM (11.0.2+9, mixed mode, tiered, compressed oops, g1 gc, bsd-amd64)
# Problematic frame:
# C  [libawt_lwawt.dylib+0x1badb]  OGLSD_SetScratchSurface+0x1f
#
# No core dump will be written. Core dumps have been disabled. To enable core dumping, try "ulimit -c unlimited" before starting Java again
#
# If you would like to submit a bug report, please visit:
#   http://bugreport.java.com/bugreport/crash.jsp
# The crash happened outside the Java Virtual Machine in native code.
# See problematic frame for where to report the bug.
#

---------------  S U M M A R Y ------------

Command Line: -ea -agentlib:jdwp=transport=dt_socket,address=127.0.0.1:55668 -Dfile.encoding=UTF-8 bluej.runtime.ExecServer UTF-8

Host: MacBookAir7,2 x86_64 2200 MHz, 4 cores, 8G, Darwin 19.6.0
Time: Fri Oct 30 12:00:43 2020 CET elapsed time: 7103 seconds (0d 1h 58m 23s)

---------------  T H R E A D  ---------------

Current thread (0x00007f98ff0cf000):  JavaThread "Java2D Queue Flusher" daemon [_thread_in_native, id=15111, stack(0x00007000088b3000,0x00007000089b3000)]

Stack: [0x00007000088b3000,0x00007000089b3000],  sp=0x00007000089b2850,  free space=1022k
Native frames: (J=compiled Java code, A=aot compiled Java code, j=interpreted, Vv=VM code, C=native code)
C  [libawt_lwawt.dylib+0x1badb]  OGLSD_SetScratchSurface+0x1f
C  [libawt_lwawt.dylib+0x3ffae]  Java_sun_java2d_opengl_OGLRenderQueue_flushBuffer+0x94a
J 980  sun.java2d.opengl.OGLRenderQueue.flushBuffer(JI)V java.desktop@11.0.2 (0 bytes) @ 0x000000012190437d [0x00000001219042c0+0x00000000000000bd]
J 978 c1 sun.java2d.opengl.OGLRenderQueue.flushBuffer()V java.desktop@11.0.2 (41 bytes) @ 0x000000011a50e8ac [0x000000011a50e780+0x000000000000012c]
J 1456% c1 sun.java2d.opengl.OGLRenderQueue$QueueFlusher.run()V java.desktop@11.0.2 (234 bytes) @ 0x000000011a65dc44 [0x000000011a65d5a0+0x00000000000006a4]
j  java.lang.Thread.run()V+11 java.base@11.0.2
v  ~StubRoutines::call_stub
V  [libjvm.dylib+0x39b736]  JavaCalls::call_helper(JavaValue*, methodHandle const&, JavaCallArguments*, Thread*)+0x21a
V  [libjvm.dylib+0x39ab80]  JavaCalls::call_virtual(JavaValue*, Klass*, Symbol*, Symbol*, JavaCallArguments*, Thread*)+0xee
V  [libjvm.dylib+0x39ac3c]  JavaCalls::call_virtual(JavaValue*, Handle, Klass*, Symbol*, Symbol*, Thread*)+0x62
V  [libjvm.dylib+0x41e818]  thread_entry(JavaThread*, Thread*)+0x78
V  [libjvm.dylib+0x6ed196]  JavaThread::thread_main_inner()+0x82
V  [libjvm.dylib+0x6ecfe1]  JavaThread::run()+0x1ab
V  [libjvm.dylib+0x5f00f3]  thread_native_entry(Thread*)+0x135
C  [libsystem_pthread.dylib+0x6109]  _pthread_start+0x94
C  [libsystem_pthread.dylib+0x1b8b]  thread_start+0xf

Java frames: (J=compiled Java code, j=interpreted, Vv=VM code)
J 980  sun.java2d.opengl.OGLRenderQueue.flushBuffer(JI)V java.desktop@11.0.2 (0 bytes) @ 0x0000000121904308 [0x00000001219042c0+0x0000000000000048]
J 978 c1 sun.java2d.opengl.OGLRenderQueue.flushBuffer()V java.desktop@11.0.2 (41 bytes) @ 0x000000011a50e8ac [0x000000011a50e780+0x000000000000012c]
J 1456% c1 sun.java2d.opengl.OGLRenderQueue$QueueFlusher.run()V java.desktop@11.0.2 (234 bytes) @ 0x000000011a65dc44 [0x000000011a65d5a0+0x00000000000006a4]
j  java.lang.Thread.run()V+11 java.base@11.0.2
v  ~StubRoutines::call_stub

siginfo: si_signo: 11 (SIGSEGV), si_code: 1 (SEGV_MAPERR), si_addr: 0x0000000000000002

Register to memory mapping:

RAX=0x00007f98fcdab9d0 points into unknown readable memory: 20 c0 da fc 98 7f 00 00
RBX=0x00007f98fcdb10e0 points into unknown readable memory: 5c 71 cd 8f f9 07 00 00
RCX=0x0000000000000047 is an unknown value
RDX=0x0000000130a73f8b: Java_sun_java2d_opengl_OGLRenderQueue_flushBuffer+0x927 in /private/var/folders/f8/fmdmmwp11hvb7t9zcw0k0sqw0000gn/T/AppTranslocation/B3C3689D-14CC-40BA-BA51-CCE7B3580A0F/d/BlueJ.app/Contents/JDK/Home/lib/libawt_lwawt.dylib at 0x0000000130a34000
RSP=0x00007000089b2850 is pointing into the stack for thread: 0x00007f98ff0cf000
RBP=0x00007000089b2880 is pointing into the stack for thread: 0x00007f98ff0cf000
RSI=0x00007f98fcdb10e0 points into unknown readable memory: 5c 71 cd 8f f9 07 00 00
RDI=0x00007f98ff0cf340 points into unknown readable memory: e0 30 f0 0f 01 00 00 00
R8 =0x0000000000000917 is an unknown value
R9 =0xffffffff00000000 is an unknown value
R10=0x0000000121904308 is at entry_point+72 in (nmethod*)0x0000000121904110
R11=0x0000000000000202 is an unknown value
R12=0x00007f98fe163c10 points into unknown readable memory: 5a 00 00 00 49 00 00 00
R13=0x0000000000000002 is an unknown value
R14=0x0000000130a7421c: Java_sun_java2d_opengl_OGLRenderQueue_flushBuffer+0xbb8 in /private/var/folders/f8/fmdmmwp11hvb7t9zcw0k0sqw0000gn/T/AppTranslocation/B3C3689D-14CC-40BA-BA51-CCE7B3580A0F/d/BlueJ.app/Contents/JDK/Home/lib/libawt_lwawt.dylib at 0x0000000130a34000
R15=0x00007f98ff0cf340 points into unknown readable memory: e0 30 f0 0f 01 00 00 00


Registers:
RAX=0x00007f98fcdab9d0, RBX=0x00007f98fcdb10e0, RCX=0x0000000000000047, RDX=0x0000000130a73f8b
RSP=0x00007000089b2850, RBP=0x00007000089b2880, RSI=0x00007f98fcdb10e0, RDI=0x00007f98ff0cf340
R8 =0x0000000000000917, R9 =0xffffffff00000000, R10=0x0000000121904308, R11=0x0000000000000202
R12=0x00007f98fe163c10, R13=0x0000000000000002, R14=0x0000000130a7421c, R15=0x00007f98ff0cf340
RIP=0x0000000130a4fadb, EFLAGS=0x0000000000010202, ERR=0x0000000000000004
  TRAPNO=0x000000000000000e

Top of Stack: (sp=0x00007000089b2850)
0x00007000089b2850:   00007f98fcdab9d0 00007f98fcdb10e0
0x00007000089b2860:   00007f98fe163c10 00007f98fe163c20
0x00007000089b2870:   0000000130a7421c 00007f98ff0cf340
0x00007000089b2880:   00007000089b28e0 0000000130a73fae
0x00007000089b2890:   00007000089b28a0 000000010fd07f39
0x00007000089b28a0:   00007000089b28c0 000000000fd07f13
0x00007000089b28b0:   000000010ff58901 00000007802ec690
0x00007000089b28c0:   0000000000000000 00000007802ec6e8
0x00007000089b28d0:   00000000f005d8e3 00007f98ff0cf000
0x00007000089b28e0:   00007000089b2930 000000012190437d
0x00007000089b28f0:   00000007802ec690 00007f98fcf73b70
0x00007000089b2900:   00007000089b2960 000000010fa129a0
0x00007000089b2910:   0000700000000005 00007f98ff0cf000
0x00007000089b2920:   00007000089b2b01 00007f98fcf74740
0x00007000089b2930:   00007000089b2b48 000000011a50e8ac
0x00007000089b2940:   0000000000000150 0000000000000000
0x00007000089b2950:   00000000f005d8e3 00007f98ff0cf000
0x00007000089b2960:   00007000089b29b0 00000001218f7efb
0x00007000089b2970:   00000007802ec050 0000000133845450
0x00007000089b2980:   0000000000000000 0000000780271780
0x00007000089b2990:   00000007802ec690 0000000000000020
0x00007000089b29a0:   00007000089b29c0 00007000089b2b48
0x00007000089b29b0:   00007000089b2b48 000000011a65dc44
0x00007000089b29c0:   0000000000000041 0000000111956760
0x00007000089b29d0:   0000000000000000 0000000000000000
0x00007000089b29e0:   0000000000000000 00007000089b2a88
0x00007000089b29f0:   0000000000000004 0000000000000002
0x00007000089b2a00:   00007000089b2a60 000000010fc6a338
0x00007000089b2a10:   00007000089b2a78 0000000119e0a466
0x00007000089b2a20:   0000000119df0490 0000000100000000
0x00007000089b2a30:   0000000100000001 0000000787105180
0x00007000089b2a40:   00000007802ec050 000000078717b228 

Instructions: (pc=0x0000000130a4fadb)
0x0000000130a4fabb:   c3 55 48 89 e5 41 57 41 56 41 55 41 54 53 50 49
0x0000000130a4facb:   89 ff 48 85 f6 74 57 4c 8b 6e 10 4d 85 ed 74 57
0x0000000130a4fadb:   49 8b 5d 00 31 c0 e8 2e da 02 00 49 89 c6 48 8b
0x0000000130a4faeb:   3b 48 8b 35 bd 54 05 00 ff 15 2f 8a 04 00 48 85 

Stack slot to memory mapping:
stack at sp + 0 slots: 0x00007f98fcdab9d0 points into unknown readable memory: 20 c0 da fc 98 7f 00 00
stack at sp + 1 slots: 0x00007f98fcdb10e0 points into unknown readable memory: 5c 71 cd 8f f9 07 00 00
stack at sp + 2 slots: 0x00007f98fe163c10 points into unknown readable memory: 5a 00 00 00 49 00 00 00
stack at sp + 3 slots: 0x00007f98fe163c20 points into unknown readable memory: 16 00 00 00 58 02 00 00
stack at sp + 4 slots: 0x0000000130a7421c: Java_sun_java2d_opengl_OGLRenderQueue_flushBuffer+0xbb8 in /private/var/folders/f8/fmdmmwp11hvb7t9zcw0k0sqw0000gn/T/AppTranslocation/B3C3689D-14CC-40BA-BA51-CCE7B3580A0F/d/BlueJ.app/Contents/JDK/Home/lib/libawt_lwawt.dylib at 0x0000000130a34000
stack at sp + 5 slots: 0x00007f98ff0cf340 points into unknown readable memory: e0 30 f0 0f 01 00 00 00
stack at sp + 6 slots: 0x00007000089b28e0 is pointing into the stack for thread: 0x00007f98ff0cf000
stack at sp + 7 slots: 0x0000000130a73fae: Java_sun_java2d_opengl_OGLRenderQueue_flushBuffer+0x94a in /private/var/folders/f8/fmdmmwp11hvb7t9zcw0k0sqw0000gn/T/AppTranslocation/B3C3689D-14CC-40BA-BA51-CCE7B3580A0F/d/BlueJ.app/Contents/JDK/Home/lib/libawt_lwawt.dylib at 0x0000000130a34000


---------------  P R O C E S S  ---------------

Threads class SMR info:
_java_thread_list=0x00007f98fcfbdec0, length=19, elements={
0x00007f98fe089800, 0x00007f98fd05a800, 0x00007f98fd827800, 0x00007f98fe08c000,
0x00007f98fd81f800, 0x00007f98fe08d000, 0x00007f98fd832800, 0x00007f98fd833800,
0x00007f98fd05c800, 0x00007f98fe0f9800, 0x00007f98ff01a000, 0x00007f98fda82000,
0x00007f98fe23d000, 0x00007f98fd00e000, 0x00007f98ff0cf000, 0x00007f98fe288000,
0x00007f98ff191800, 0x00007f98ff112800, 0x00007f98ff113800
}

Java Threads: ( => current thread )
  0x00007f98fe089800 JavaThread "Reference Handler" daemon [_thread_blocked, id=13571, stack(0x0000700007980000,0x0000700007a80000)]
  0x00007f98fd05a800 JavaThread "Finalizer" daemon [_thread_blocked, id=14339, stack(0x0000700007a83000,0x0000700007b83000)]
  0x00007f98fd827800 JavaThread "Signal Dispatcher" daemon [_thread_blocked, id=15619, stack(0x0000700007c8c000,0x0000700007d8c000)]
  0x00007f98fe08c000 JavaThread "C2 CompilerThread0" daemon [_thread_blocked, id=16131, stack(0x0000700007d8f000,0x0000700007e8f000)]
  0x00007f98fd81f800 JavaThread "C1 CompilerThread0" daemon [_thread_blocked, id=16387, stack(0x0000700007e92000,0x0000700007f92000)]
  0x00007f98fe08d000 JavaThread "Sweeper thread" daemon [_thread_blocked, id=22019, stack(0x0000700007f95000,0x0000700008095000)]
  0x00007f98fd832800 JavaThread "JDWP Transport Listener: dt_socket" daemon [_thread_blocked, id=22531, stack(0x0000700008098000,0x0000700008198000)]
  0x00007f98fd833800 JavaThread "JDWP Event Helper Thread" daemon [_thread_blocked, id=42755, stack(0x000070000819b000,0x000070000829b000)]
  0x00007f98fd05c800 JavaThread "JDWP Command Reader" daemon [_thread_in_native, id=42243, stack(0x000070000829e000,0x000070000839e000)]
  0x00007f98fe0f9800 JavaThread "Service Thread" daemon [_thread_blocked, id=23555, stack(0x00007000083a1000,0x00007000084a1000)]
  0x00007f98ff01a000 JavaThread "Common-Cleaner" daemon [_thread_blocked, id=41475, stack(0x00007000085a7000,0x00007000086a7000)]
  0x00007f98fda82000 JavaThread "AppKit Thread" daemon [_thread_in_native, id=775, stack(0x00007ffee06c7000,0x00007ffee0ec7000)]
  0x00007f98fe23d000 JavaThread "BlueJ worker thread" [_thread_blocked, id=77571, stack(0x0000700008bc2000,0x0000700008cc2000)]
  0x00007f98fd00e000 JavaThread "DestroyJavaVM" [_thread_blocked, id=10243, stack(0x000070000726b000,0x000070000736b000)]
=>0x00007f98ff0cf000 JavaThread "Java2D Queue Flusher" daemon [_thread_in_native, id=15111, stack(0x00007000088b3000,0x00007000089b3000)]
  0x00007f98fe288000 JavaThread "Java2D Disposer" daemon [_thread_blocked, id=55819, stack(0x0000700008abf000,0x0000700008bbf000)]
  0x00007f98ff191800 JavaThread "AWT-Shutdown" [_thread_blocked, id=59711, stack(0x00007000087ad000,0x00007000088ad000)]
  0x00007f98ff112800 JavaThread "AWT-EventQueue-0" [_thread_blocked, id=66827, stack(0x0000700008cc5000,0x0000700008dc5000)]
  0x00007f98ff113800 JavaThread "main" [_thread_blocked, id=60791, stack(0x0000700009257000,0x0000700009357000)]

Other Threads:
  0x00007f98fd819800 VMThread "VM Thread" [stack: 0x000070000787d000,0x000070000797d000] [id=13315]
  0x00007f98fd821000 WatcherThread [stack: 0x00007000084a4000,0x00007000085a4000] [id=24067]
  0x00007f98fd016000 GCTaskThread "GC Thread#0" [stack: 0x000070000736e000,0x000070000746e000] [id=11523]
  0x00007f98fd30e000 GCTaskThread "GC Thread#1" [stack: 0x0000700008e4b000,0x0000700008f4b000] [id=56327]
  0x00007f98fd0cf800 GCTaskThread "GC Thread#2" [stack: 0x0000700008f4e000,0x000070000904e000] [id=73251]
  0x00007f98fdb1d800 GCTaskThread "GC Thread#3" [stack: 0x0000700009051000,0x0000700009151000] [id=72711]
  0x00007f98fe02a800 ConcurrentGCThread "G1 Main Marker" [stack: 0x0000700007471000,0x0000700007571000] [id=20995]
  0x00007f98fe02b800 ConcurrentGCThread "G1 Conc#0" [stack: 0x0000700007574000,0x0000700007674000] [id=12547]
  0x00007f98fe07c000 ConcurrentGCThread "G1 Refine#0" [stack: 0x0000700007677000,0x0000700007777000] [id=12803]
  0x00007f98fe07d000 ConcurrentGCThread "G1 Young RemSet Sampling" [stack: 0x000070000777a000,0x000070000787a000] [id=13059]

Threads with active compile tasks:

VM state:not at safepoint (normal execution)

VM Mutex/Monitor currently owned by a thread: None

Heap address: 0x0000000780000000, size: 2048 MB, Compressed Oops mode: Zero based, Oop shift amount: 3
Narrow klass base: 0x0000000800000000, Narrow klass shift: 0
Compressed class space size: 1073741824 Address: 0x0000000800000000

Heap:
 garbage-first heap   total 131072K, used 13378K [0x0000000780000000, 0x0000000800000000)
  region size 1024K, 2 young (2048K), 1 survivors (1024K)
 Metaspace       used 14571K, capacity 15342K, committed 15616K, reserved 1062912K
  class space    used 1478K, capacity 1774K, committed 1792K, reserved 1048576K
Heap Regions: E=young(eden), S=young(survivor), O=old, HS=humongous(starts), HC=humongous(continues), CS=collection set, F=free, A=archive, TAMS=top-at-mark-start (previous, next)
|   0|0x0000000780000000, 0x0000000780100000, 0x0000000780100000|100%|HS|  |TAMS 0x0000000780000000, 0x0000000780000000| Complete 
|   1|0x0000000780100000, 0x0000000780200000, 0x0000000780200000|100%|HC|  |TAMS 0x0000000780100000, 0x0000000780100000| Complete 
|   2|0x0000000780200000, 0x0000000780300000, 0x0000000780300000|100%| O|  |TAMS 0x0000000780200000, 0x0000000780200000| Untracked 
|   3|0x0000000780300000, 0x0000000780400000, 0x0000000780400000|100%|HS|  |TAMS 0x0000000780300000, 0x0000000780300000| Complete 
|   4|0x0000000780400000, 0x0000000780500000, 0x0000000780500000|100%|HC|  |TAMS 0x0000000780400000, 0x0000000780400000| Complete 
|   5|0x0000000780500000, 0x0000000780600000, 0x0000000780600000|100%|HS|  |TAMS 0x0000000780500000, 0x0000000780500000| Complete 
|   6|0x0000000780600000, 0x0000000780700000, 0x0000000780700000|100%|HC|  |TAMS 0x0000000780600000, 0x0000000780600000| Complete 
|   7|0x0000000780700000, 0x0000000780800000, 0x0000000780800000|100%|HS|  |TAMS 0x0000000780700000, 0x0000000780700000| Complete 
|   8|0x0000000780800000, 0x0000000780900000, 0x0000000780900000|100%|HC|  |TAMS 0x0000000780800000, 0x0000000780800000| Complete 
|   9|0x0000000780900000, 0x0000000780a00000, 0x0000000780a00000|100%|HS|  |TAMS 0x0000000780900000, 0x0000000780900000| Complete 
|  10|0x0000000780a00000, 0x0000000780b00000, 0x0000000780b00000|100%|HC|  |TAMS 0x0000000780a00000, 0x0000000780a00000| Complete 
|  11|0x0000000780b00000, 0x0000000780c00000, 0x0000000780c00000|100%| O|  |TAMS 0x0000000780b00000, 0x0000000780b00000| Untracked 
|  12|0x0000000780c00000, 0x0000000780cd9600, 0x0000000780d00000| 84%| O|  |TAMS 0x0000000780c00000, 0x0000000780c00000| Untracked 
|  13|0x0000000780d00000, 0x0000000780d00000, 0x0000000780e00000|  0%| F|  |TAMS 0x0000000780d00000, 0x0000000780d00000| Untracked 
|  14|0x0000000780e00000, 0x0000000780e00000, 0x0000000780f00000|  0%| F|  |TAMS 0x0000000780e00000, 0x0000000780e00000| Untracked 
|  15|0x0000000780f00000, 0x0000000780f00000, 0x0000000781000000|  0%| F|  |TAMS 0x0000000780f00000, 0x0000000780f00000| Untracked 
|  16|0x0000000781000000, 0x0000000781000000, 0x0000000781100000|  0%| F|  |TAMS 0x0000000781000000, 0x0000000781000000| Untracked 
|  17|0x0000000781100000, 0x0000000781100000, 0x0000000781200000|  0%| F|  |TAMS 0x0000000781100000, 0x0000000781100000| Untracked 
|  18|0x0000000781200000, 0x0000000781200000, 0x0000000781300000|  0%| F|  |TAMS 0x0000000781200000, 0x0000000781200000| Untracked 
|  19|0x0000000781300000, 0x0000000781300000, 0x0000000781400000|  0%| F|  |TAMS 0x0000000781300000, 0x0000000781300000| Untracked 
|  20|0x0000000781400000, 0x0000000781400000, 0x0000000781500000|  0%| F|  |TAMS 0x0000000781400000, 0x0000000781400000| Untracked 
|  21|0x0000000781500000, 0x0000000781500000, 0x0000000781600000|  0%| F|  |TAMS 0x0000000781500000, 0x0000000781500000| Untracked 
|  22|0x0000000781600000, 0x0000000781600000, 0x0000000781700000|  0%| F|  |TAMS 0x0000000781600000, 0x0000000781600000| Untracked 
|  23|0x0000000781700000, 0x0000000781700000, 0x0000000781800000|  0%| F|  |TAMS 0x0000000781700000, 0x0000000781700000| Untracked 
|  24|0x0000000781800000, 0x0000000781800000, 0x0000000781900000|  0%| F|  |TAMS 0x0000000781800000, 0x0000000781800000| Untracked 
|  25|0x0000000781900000, 0x0000000781900000, 0x0000000781a00000|  0%| F|  |TAMS 0x0000000781900000, 0x0000000781900000| Untracked 
|  26|0x0000000781a00000, 0x0000000781a00000, 0x0000000781b00000|  0%| F|  |TAMS 0x0000000781a00000, 0x0000000781a00000| Untracked 
|  27|0x0000000781b00000, 0x0000000781b00000, 0x0000000781c00000|  0%| F|  |TAMS 0x0000000781b00000, 0x0000000781b00000| Untracked 
|  28|0x0000000781c00000, 0x0000000781c00000, 0x0000000781d00000|  0%| F|  |TAMS 0x0000000781c00000, 0x0000000781c00000| Untracked 
|  29|0x0000000781d00000, 0x0000000781d00000, 0x0000000781e00000|  0%| F|  |TAMS 0x0000000781d00000, 0x0000000781d00000| Untracked 
|  30|0x0000000781e00000, 0x0000000781e00000, 0x0000000781f00000|  0%| F|  |TAMS 0x0000000781e00000, 0x0000000781e00000| Untracked 
|  31|0x0000000781f00000, 0x0000000781f00000, 0x0000000782000000|  0%| F|  |TAMS 0x0000000781f00000, 0x0000000781f00000| Untracked 
|  32|0x0000000782000000, 0x0000000782000000, 0x0000000782100000|  0%| F|  |TAMS 0x0000000782000000, 0x0000000782000000| Untracked 
|  33|0x0000000782100000, 0x0000000782100000, 0x0000000782200000|  0%| F|  |TAMS 0x0000000782100000, 0x0000000782100000| Untracked 
|  34|0x0000000782200000, 0x0000000782200000, 0x0000000782300000|  0%| F|  |TAMS 0x0000000782200000, 0x0000000782200000| Untracked 
|  35|0x0000000782300000, 0x0000000782300000, 0x0000000782400000|  0%| F|  |TAMS 0x0000000782300000, 0x0000000782300000| Untracked 
|  36|0x0000000782400000, 0x0000000782400000, 0x0000000782500000|  0%| F|  |TAMS 0x0000000782400000, 0x0000000782400000| Untracked 
|  37|0x0000000782500000, 0x0000000782500000, 0x0000000782600000|  0%| F|  |TAMS 0x0000000782500000, 0x0000000782500000| Untracked 
|  38|0x0000000782600000, 0x0000000782600000, 0x0000000782700000|  0%| F|  |TAMS 0x0000000782600000, 0x0000000782600000| Untracked 
|  39|0x0000000782700000, 0x0000000782700000, 0x0000000782800000|  0%| F|  |TAMS 0x0000000782700000, 0x0000000782700000| Untracked 
|  40|0x0000000782800000, 0x0000000782800000, 0x0000000782900000|  0%| F|  |TAMS 0x0000000782800000, 0x0000000782800000| Untracked 
|  41|0x0000000782900000, 0x0000000782900000, 0x0000000782a00000|  0%| F|  |TAMS 0x0000000782900000, 0x0000000782900000| Untracked 
|  42|0x0000000782a00000, 0x0000000782a00000, 0x0000000782b00000|  0%| F|  |TAMS 0x0000000782a00000, 0x0000000782a00000| Untracked 
|  43|0x0000000782b00000, 0x0000000782b00000, 0x0000000782c00000|  0%| F|  |TAMS 0x0000000782b00000, 0x0000000782b00000| Untracked 
|  44|0x0000000782c00000, 0x0000000782c00000, 0x0000000782d00000|  0%| F|  |TAMS 0x0000000782c00000, 0x0000000782c00000| Untracked 
|  45|0x0000000782d00000, 0x0000000782d00000, 0x0000000782e00000|  0%| F|  |TAMS 0x0000000782d00000, 0x0000000782d00000| Untracked 
|  46|0x0000000782e00000, 0x0000000782e00000, 0x0000000782f00000|  0%| F|  |TAMS 0x0000000782e00000, 0x0000000782e00000| Untracked 
|  47|0x0000000782f00000, 0x0000000782f00000, 0x0000000783000000|  0%| F|  |TAMS 0x0000000782f00000, 0x0000000782f00000| Untracked 
|  48|0x0000000783000000, 0x0000000783000000, 0x0000000783100000|  0%| F|  |TAMS 0x0000000783000000, 0x0000000783000000| Untracked 
|  49|0x0000000783100000, 0x0000000783100000, 0x0000000783200000|  0%| F|  |TAMS 0x0000000783100000, 0x0000000783100000| Untracked 
|  50|0x0000000783200000, 0x0000000783200000, 0x0000000783300000|  0%| F|  |TAMS 0x0000000783200000, 0x0000000783200000| Untracked 
|  51|0x0000000783300000, 0x0000000783300000, 0x0000000783400000|  0%| F|  |TAMS 0x0000000783300000, 0x0000000783300000| Untracked 
|  52|0x0000000783400000, 0x0000000783400000, 0x0000000783500000|  0%| F|  |TAMS 0x0000000783400000, 0x0000000783400000| Untracked 
|  53|0x0000000783500000, 0x0000000783500000, 0x0000000783600000|  0%| F|  |TAMS 0x0000000783500000, 0x0000000783500000| Untracked 
|  54|0x0000000783600000, 0x0000000783600000, 0x0000000783700000|  0%| F|  |TAMS 0x0000000783600000, 0x0000000783600000| Untracked 
|  55|0x0000000783700000, 0x0000000783700000, 0x0000000783800000|  0%| F|  |TAMS 0x0000000783700000, 0x0000000783700000| Untracked 
|  56|0x0000000783800000, 0x0000000783800000, 0x0000000783900000|  0%| F|  |TAMS 0x0000000783800000, 0x0000000783800000| Untracked 
|  57|0x0000000783900000, 0x0000000783900000, 0x0000000783a00000|  0%| F|  |TAMS 0x0000000783900000, 0x0000000783900000| Untracked 
|  58|0x0000000783a00000, 0x0000000783a00000, 0x0000000783b00000|  0%| F|  |TAMS 0x0000000783a00000, 0x0000000783a00000| Untracked 
|  59|0x0000000783b00000, 0x0000000783b00000, 0x0000000783c00000|  0%| F|  |TAMS 0x0000000783b00000, 0x0000000783b00000| Untracked 
|  60|0x0000000783c00000, 0x0000000783c00000, 0x0000000783d00000|  0%| F|  |TAMS 0x0000000783c00000, 0x0000000783c00000| Untracked 
|  61|0x0000000783d00000, 0x0000000783d00000, 0x0000000783e00000|  0%| F|  |TAMS 0x0000000783d00000, 0x0000000783d00000| Untracked 
|  62|0x0000000783e00000, 0x0000000783e00000, 0x0000000783f00000|  0%| F|  |TAMS 0x0000000783e00000, 0x0000000783e00000| Untracked 
|  63|0x0000000783f00000, 0x0000000783f00000, 0x0000000784000000|  0%| F|  |TAMS 0x0000000783f00000, 0x0000000783f00000| Untracked 
|  64|0x0000000784000000, 0x0000000784000000, 0x0000000784100000|  0%| F|  |TAMS 0x0000000784000000, 0x0000000784000000| Untracked 
|  65|0x0000000784100000, 0x0000000784100000, 0x0000000784200000|  0%| F|  |TAMS 0x0000000784100000, 0x0000000784100000| Untracked 
|  66|0x0000000784200000, 0x0000000784200000, 0x0000000784300000|  0%| F|  |TAMS 0x0000000784200000, 0x0000000784200000| Untracked 
|  67|0x0000000784300000, 0x0000000784300000, 0x0000000784400000|  0%| F|  |TAMS 0x0000000784300000, 0x0000000784300000| Untracked 
|  68|0x0000000784400000, 0x0000000784400000, 0x0000000784500000|  0%| F|  |TAMS 0x0000000784400000, 0x0000000784400000| Untracked 
|  69|0x0000000784500000, 0x0000000784500000, 0x0000000784600000|  0%| F|  |TAMS 0x0000000784500000, 0x0000000784500000| Untracked 
|  70|0x0000000784600000, 0x0000000784600000, 0x0000000784700000|  0%| F|  |TAMS 0x0000000784600000, 0x0000000784600000| Untracked 
|  71|0x0000000784700000, 0x0000000784700000, 0x0000000784800000|  0%| F|  |TAMS 0x0000000784700000, 0x0000000784700000| Untracked 
|  72|0x0000000784800000, 0x0000000784800000, 0x0000000784900000|  0%| F|  |TAMS 0x0000000784800000, 0x0000000784800000| Untracked 
|  73|0x0000000784900000, 0x0000000784900000, 0x0000000784a00000|  0%| F|  |TAMS 0x0000000784900000, 0x0000000784900000| Untracked 
|  74|0x0000000784a00000, 0x0000000784a00000, 0x0000000784b00000|  0%| F|  |TAMS 0x0000000784a00000, 0x0000000784a00000| Untracked 
|  75|0x0000000784b00000, 0x0000000784b00000, 0x0000000784c00000|  0%| F|  |TAMS 0x0000000784b00000, 0x0000000784b00000| Untracked 
|  76|0x0000000784c00000, 0x0000000784c00000, 0x0000000784d00000|  0%| F|  |TAMS 0x0000000784c00000, 0x0000000784c00000| Untracked 
|  77|0x0000000784d00000, 0x0000000784d00000, 0x0000000784e00000|  0%| F|  |TAMS 0x0000000784d00000, 0x0000000784d00000| Untracked 
|  78|0x0000000784e00000, 0x0000000784e00000, 0x0000000784f00000|  0%| F|  |TAMS 0x0000000784e00000, 0x0000000784e00000| Untracked 
|  79|0x0000000784f00000, 0x0000000784f00000, 0x0000000785000000|  0%| F|  |TAMS 0x0000000784f00000, 0x0000000784f00000| Untracked 
|  80|0x0000000785000000, 0x0000000785000000, 0x0000000785100000|  0%| F|  |TAMS 0x0000000785000000, 0x0000000785000000| Untracked 
|  81|0x0000000785100000, 0x0000000785100000, 0x0000000785200000|  0%| F|  |TAMS 0x0000000785100000, 0x0000000785100000| Untracked 
|  82|0x0000000785200000, 0x0000000785200000, 0x0000000785300000|  0%| F|  |TAMS 0x0000000785200000, 0x0000000785200000| Untracked 
|  83|0x0000000785300000, 0x0000000785300000, 0x0000000785400000|  0%| F|  |TAMS 0x0000000785300000, 0x0000000785300000| Untracked 
|  84|0x0000000785400000, 0x0000000785400000, 0x0000000785500000|  0%| F|  |TAMS 0x0000000785400000, 0x0000000785400000| Untracked 
|  85|0x0000000785500000, 0x0000000785500000, 0x0000000785600000|  0%| F|  |TAMS 0x0000000785500000, 0x0000000785500000| Untracked 
|  86|0x0000000785600000, 0x0000000785600000, 0x0000000785700000|  0%| F|  |TAMS 0x0000000785600000, 0x0000000785600000| Untracked 
|  87|0x0000000785700000, 0x0000000785700000, 0x0000000785800000|  0%| F|  |TAMS 0x0000000785700000, 0x0000000785700000| Untracked 
|  88|0x0000000785800000, 0x0000000785800000, 0x0000000785900000|  0%| F|  |TAMS 0x0000000785800000, 0x0000000785800000| Untracked 
|  89|0x0000000785900000, 0x0000000785900000, 0x0000000785a00000|  0%| F|  |TAMS 0x0000000785900000, 0x0000000785900000| Untracked 
|  90|0x0000000785a00000, 0x0000000785a00000, 0x0000000785b00000|  0%| F|  |TAMS 0x0000000785a00000, 0x0000000785a00000| Untracked 
|  91|0x0000000785b00000, 0x0000000785b00000, 0x0000000785c00000|  0%| F|  |TAMS 0x0000000785b00000, 0x0000000785b00000| Untracked 
|  92|0x0000000785c00000, 0x0000000785c00000, 0x0000000785d00000|  0%| F|  |TAMS 0x0000000785c00000, 0x0000000785c00000| Untracked 
|  93|0x0000000785d00000, 0x0000000785d00000, 0x0000000785e00000|  0%| F|  |TAMS 0x0000000785d00000, 0x0000000785d00000| Untracked 
|  94|0x0000000785e00000, 0x0000000785e00000, 0x0000000785f00000|  0%| F|  |TAMS 0x0000000785e00000, 0x0000000785e00000| Untracked 
|  95|0x0000000785f00000, 0x0000000785f00000, 0x0000000786000000|  0%| F|  |TAMS 0x0000000785f00000, 0x0000000785f00000| Untracked 
|  96|0x0000000786000000, 0x0000000786000000, 0x0000000786100000|  0%| F|  |TAMS 0x0000000786000000, 0x0000000786000000| Untracked 
|  97|0x0000000786100000, 0x0000000786100000, 0x0000000786200000|  0%| F|  |TAMS 0x0000000786100000, 0x0000000786100000| Untracked 
|  98|0x0000000786200000, 0x0000000786200000, 0x0000000786300000|  0%| F|  |TAMS 0x0000000786200000, 0x0000000786200000| Untracked 
|  99|0x0000000786300000, 0x0000000786300000, 0x0000000786400000|  0%| F|  |TAMS 0x0000000786300000, 0x0000000786300000| Untracked 
| 100|0x0000000786400000, 0x0000000786400000, 0x0000000786500000|  0%| F|  |TAMS 0x0000000786400000, 0x0000000786400000| Untracked 
| 101|0x0000000786500000, 0x0000000786500000, 0x0000000786600000|  0%| F|  |TAMS 0x0000000786500000, 0x0000000786500000| Untracked 
| 102|0x0000000786600000, 0x0000000786600000, 0x0000000786700000|  0%| F|  |TAMS 0x0000000786600000, 0x0000000786600000| Untracked 
| 103|0x0000000786700000, 0x0000000786700000, 0x0000000786800000|  0%| F|  |TAMS 0x0000000786700000, 0x0000000786700000| Untracked 
| 104|0x0000000786800000, 0x0000000786800000, 0x0000000786900000|  0%| F|  |TAMS 0x0000000786800000, 0x0000000786800000| Untracked 
| 105|0x0000000786900000, 0x0000000786900000, 0x0000000786a00000|  0%| F|  |TAMS 0x0000000786900000, 0x0000000786900000| Untracked 
| 106|0x0000000786a00000, 0x0000000786a00000, 0x0000000786b00000|  0%| F|  |TAMS 0x0000000786a00000, 0x0000000786a00000| Untracked 
| 107|0x0000000786b00000, 0x0000000786b00000, 0x0000000786c00000|  0%| F|  |TAMS 0x0000000786b00000, 0x0000000786b00000| Untracked 
| 108|0x0000000786c00000, 0x0000000786c00000, 0x0000000786d00000|  0%| F|  |TAMS 0x0000000786c00000, 0x0000000786c00000| Untracked 
| 109|0x0000000786d00000, 0x0000000786d00000, 0x0000000786e00000|  0%| F|  |TAMS 0x0000000786d00000, 0x0000000786d00000| Untracked 
| 110|0x0000000786e00000, 0x0000000786e00000, 0x0000000786f00000|  0%| F|  |TAMS 0x0000000786e00000, 0x0000000786e00000| Untracked 
| 111|0x0000000786f00000, 0x0000000786f00000, 0x0000000787000000|  0%| F|  |TAMS 0x0000000786f00000, 0x0000000786f00000| Untracked 
| 112|0x0000000787000000, 0x0000000787000000, 0x0000000787100000|  0%| F|  |TAMS 0x0000000787000000, 0x0000000787000000| Untracked 
| 113|0x0000000787100000, 0x0000000787100000, 0x0000000787200000|  0%| F|  |TAMS 0x0000000787100000, 0x0000000787100000| Untracked 
| 114|0x0000000787200000, 0x0000000787200000, 0x0000000787300000|  0%| F|  |TAMS 0x0000000787200000, 0x0000000787200000| Untracked 
| 115|0x0000000787300000, 0x0000000787300000, 0x0000000787400000|  0%| F|  |TAMS 0x0000000787300000, 0x0000000787300000| Untracked 
| 116|0x0000000787400000, 0x0000000787400000, 0x0000000787500000|  0%| F|  |TAMS 0x0000000787400000, 0x0000000787400000| Untracked 
| 117|0x0000000787500000, 0x0000000787500000, 0x0000000787600000|  0%| F|  |TAMS 0x0000000787500000, 0x0000000787500000| Untracked 
| 118|0x0000000787600000, 0x0000000787600000, 0x0000000787700000|  0%| F|  |TAMS 0x0000000787600000, 0x0000000787600000| Untracked 
| 119|0x0000000787700000, 0x0000000787737400, 0x0000000787800000| 21%| S|CS|TAMS 0x0000000787700000, 0x0000000787700000| Complete 
| 120|0x0000000787800000, 0x0000000787800000, 0x0000000787900000|  0%| F|  |TAMS 0x0000000787800000, 0x0000000787800000| Untracked 
| 121|0x0000000787900000, 0x0000000787900000, 0x0000000787a00000|  0%| F|  |TAMS 0x0000000787900000, 0x0000000787900000| Untracked 
| 122|0x0000000787a00000, 0x0000000787a00000, 0x0000000787b00000|  0%| F|  |TAMS 0x0000000787a00000, 0x0000000787a00000| Untracked 
| 123|0x0000000787b00000, 0x0000000787b00000, 0x0000000787c00000|  0%| F|  |TAMS 0x0000000787b00000, 0x0000000787b00000| Untracked 
| 124|0x0000000787c00000, 0x0000000787c00000, 0x0000000787d00000|  0%| F|  |TAMS 0x0000000787c00000, 0x0000000787c00000| Untracked 
| 125|0x0000000787d00000, 0x0000000787d00000, 0x0000000787e00000|  0%| F|  |TAMS 0x0000000787d00000, 0x0000000787d00000| Untracked 
| 126|0x0000000787e00000, 0x0000000787e00000, 0x0000000787f00000|  0%| F|  |TAMS 0x0000000787e00000, 0x0000000787e00000| Untracked 
| 127|0x0000000787f00000, 0x0000000788000000, 0x0000000788000000|100%| E|  |TAMS 0x0000000787f00000, 0x0000000787f00000| Complete 

Card table byte_map: [0x000000011095d000,0x0000000110d5d000] _byte_map_base: 0x000000010cd5d000

Marking Bits (Prev, Next): (CMBitMap*) 0x00007f98fe022218, (CMBitMap*) 0x00007f98fe022250
 Prev Bits: [0x0000000128de8000, 0x000000012ade8000)
 Next Bits: [0x000000012ade8000, 0x000000012cde8000)

Polling page: 0x000000010ed9c000

Metaspace:

Usage:
  Non-class:     13.25 MB capacity,    12.79 MB ( 96%) used,   434.19 KB (  3%) free+waste,    40.81 KB ( <1%) overhead. 
      Class:      1.73 MB capacity,     1.44 MB ( 83%) used,   273.24 KB ( 15%) free+waste,    22.25 KB (  1%) overhead. 
       Both:     14.98 MB capacity,    14.23 MB ( 95%) used,   707.43 KB (  5%) free+waste,    63.06 KB ( <1%) overhead. 

Virtual space:
  Non-class space:       14.00 MB reserved,      13.50 MB ( 96%) committed 
      Class space:        1.00 GB reserved,       1.75 MB ( <1%) committed 
             Both:        1.01 GB reserved,      15.25 MB (  1%) committed 

Chunk freelists:
   Non-Class:  3.50 KB
       Class:  2.25 KB
        Both:  5.75 KB

CodeHeap 'non-profiled nmethods': size=120032Kb used=653Kb max_used=653Kb free=119379Kb
 bounds [0x00000001218b0000, 0x0000000121b20000, 0x0000000128de8000]
CodeHeap 'profiled nmethods': size=120032Kb used=3086Kb max_used=3100Kb free=116945Kb
 bounds [0x000000011a378000, 0x000000011a698000, 0x00000001218b0000]
CodeHeap 'non-nmethods': size=5696Kb used=1263Kb max_used=1316Kb free=4432Kb
 bounds [0x0000000119de8000, 0x000000011a058000, 0x000000011a378000]
 total_blobs=2442 nmethods=1513 adapters=479
 compilation: enabled
              stopped_count=0, restarted_count=0
 full_count=0

Compilation events (10 events):
Event: 7044.865 Thread 0x00007f98fd81f800 nmethod 1589 0x000000012190e510 code [0x000000012190e6c0, 0x000000012190e7d0]
Event: 7102.161 Thread 0x00007f98fd81f800 1590       3       sun.lwawt.macosx.NSEvent::isPopupTrigger (60 bytes)
Event: 7102.162 Thread 0x00007f98fd81f800 nmethod 1590 0x000000011a38ad90 code [0x000000011a38af60, 0x000000011a38b290]
Event: 7102.162 Thread 0x00007f98fd81f800 1591       3       sun.lwawt.LWWindowPeer::notifyMouseEvent (649 bytes)
Event: 7102.169 Thread 0x00007f98fd81f800 nmethod 1591 0x000000011a680310 code [0x000000011a680ae0, 0x000000011a686238]
Event: 7102.169 Thread 0x00007f98fd81f800 1592       3       sun.java2d.pipe.Region::contains (161 bytes)
Event: 7102.170 Thread 0x00007f98fd81f800 nmethod 1592 0x000000011a39d810 code [0x000000011a39da00, 0x000000011a39e050]
Event: 7102.559 Thread 0x00007f98fe08c000 1593   !   4       sun.awt.PostEventQueue::flush (168 bytes)
Event: 7102.996 Thread 0x00007f98fe08c000 nmethod 1593 0x0000000121944590 code [0x0000000121944c00, 0x000000012194f090]
Event: 7102.998 Thread 0x00007f98fe08c000 1594       4       jdk.internal.logger.AbstractLoggerWrapper::isLoggable (26 bytes)

GC Heap History (4 events):
Event: 120.849 GC heap before
{Heap before GC invocations=0 (full 0):
 garbage-first heap   total 131072K, used 15360K [0x0000000780000000, 0x0000000800000000)
  region size 1024K, 14 young (14336K), 0 survivors (0K)
 Metaspace       used 14101K, capacity 14613K, committed 14848K, reserved 1062912K
  class space    used 1441K, capacity 1671K, committed 1792K, reserved 1048576K
}
Event: 120.858 GC heap after
{Heap after GC invocations=1 (full 0):
 garbage-first heap   total 131072K, used 5002K [0x0000000780000000, 0x0000000800000000)
  region size 1024K, 2 young (2048K), 2 survivors (2048K)
 Metaspace       used 14101K, capacity 14613K, committed 14848K, reserved 1062912K
  class space    used 1441K, capacity 1671K, committed 1792K, reserved 1048576K
}
Event: 7102.985 GC heap before
{Heap before GC invocations=1 (full 0):
 garbage-first heap   total 131072K, used 21386K [0x0000000780000000, 0x0000000800000000)
  region size 1024K, 10 young (10240K), 2 survivors (2048K)
 Metaspace       used 14570K, capacity 15342K, committed 15616K, reserved 1062912K
  class space    used 1478K, capacity 1774K, committed 1792K, reserved 1048576K
}
Event: 7102.994 GC heap after
{Heap after GC invocations=2 (full 0):
 garbage-first heap   total 131072K, used 13378K [0x0000000780000000, 0x0000000800000000)
  region size 1024K, 1 young (1024K), 1 survivors (1024K)
 Metaspace       used 14570K, capacity 15342K, committed 15616K, reserved 1062912K
  class space    used 1478K, capacity 1774K, committed 1792K, reserved 1048576K
}

Deoptimization events (8 events):
Event: 0.459 Thread 0x00007f98fd00e000 Uncommon trap: reason=unstable_if action=reinterpret pc=0x00000001218b5524 method=java.lang.String.hashCode()I @ 14 c2
Event: 122.640 Thread 0x00007f98fe1f6800 Uncommon trap: reason=unstable_if action=reinterpret pc=0x000000012190e718 method=sun.awt.SunToolkit.getAppContext(Ljava/lang/Object;)Lsun/awt/AppContext; @ 4 c2
Event: 6942.340 Thread 0x00007f98fda82000 Uncommon trap: reason=unstable_if action=reinterpret pc=0x00000001219181e8 method=java.util.concurrent.locks.ReentrantLock$Sync.nonfairTryAcquire(I)Z @ 19 c2
Event: 6944.725 Thread 0x00007f98ff112800 Uncommon trap: reason=unstable_if action=reinterpret pc=0x000000012191b358 method=javax.swing.SwingUtilities.computeIntersection(IIIILjava/awt/Rectangle;)Ljava/awt/Rectangle; @ 34 c2
Event: 7102.455 Thread 0x00007f98ff112800 Uncommon trap: reason=class_check action=maybe_recompile pc=0x000000012193c34c method=java.awt.EventQueue.coalesceEvent(Ljava/awt/AWTEvent;I)Z @ 77 c2
Event: 7102.462 Thread 0x00007f98ff112800 Uncommon trap: reason=class_check action=maybe_recompile pc=0x000000012193c34c method=java.awt.EventQueue.coalesceEvent(Ljava/awt/AWTEvent;I)Z @ 77 c2
Event: 7102.471 Thread 0x00007f98ff112800 Uncommon trap: reason=class_check action=maybe_recompile pc=0x000000012193c34c method=java.awt.EventQueue.coalesceEvent(Ljava/awt/AWTEvent;I)Z @ 77 c2
Event: 7102.479 Thread 0x00007f98ff112800 Uncommon trap: reason=class_check action=maybe_recompile pc=0x000000012193c34c method=java.awt.EventQueue.coalesceEvent(Ljava/awt/AWTEvent;I)Z @ 77 c2

Classes redefined (0 events):
No events

Internal exceptions (10 events):
Event: 17.526 Thread 0x00007f98fe1f6800 Exception <a 'java/lang/NoSuchMethodError'{0x0000000787406190}: java.lang.invoke.DirectMethodHandle$Holder.invokeStatic(Ljava/lang/Object;Ljava/lang/Object;Ljava/lang/Object;Ljava/lang/Object;Ljava/lang/Object;Ljava/lang/Object;Ljava/lang/Object;Ljava/lan
Event: 17.530 Thread 0x00007f98fe1f6800 Exception <a 'java/lang/NoSuchMethodError'{0x0000000787424330}: java.lang.invoke.DirectMethodHandle$Holder.invokeStatic(Ljava/lang/Object;Ljava/lang/Object;Ljava/lang/Object;Ljava/lang/Object;Ljava/lang/Object;Ljava/lang/Object;Ljava/lang/Object;Ljava/lan
Event: 17.537 Thread 0x00007f98fe1f6800 Exception <a 'java/lang/NoSuchMethodError'{0x00000007874462b0}: java.lang.invoke.DirectMethodHandle$Holder.invokeStatic(Ljava/lang/Object;Ljava/lang/Object;Ljava/lang/Object;Ljava/lang/Object;Ljava/lang/Object;Ljava/lang/Object;Ljava/lang/Object;Ljava/lan
Event: 17.540 Thread 0x00007f98fe1f6800 Exception <a 'java/lang/NoSuchMethodError'{0x0000000787466c98}: java.lang.invoke.DirectMethodHandle$Holder.invokeStatic(Ljava/lang/Object;Ljava/lang/Object;Ljava/lang/Object;Ljava/lang/Object;Ljava/lang/Object;Ljava/lang/Object;Ljava/lang/Object;Ljava/lan
Event: 122.422 Thread 0x00007f98ff514800 Exception <a 'java/security/PrivilegedActionException'{0x0000000787e0dd18}> (0x0000000787e0dd18) thrown at [/scratch/mesos/slaves/07fc96ef-bf4d-487f-b22f-a84e49f5f44a-S15534/frameworks/1735e8a2-a1db-478c-8104-60c8b0af87dd-0196/executors/2de9a231-452d-4727
Event: 122.422 Thread 0x00007f98ff514800 Exception <a 'java/security/PrivilegedActionException'{0x0000000787e0dfe8}> (0x0000000787e0dfe8) thrown at [/scratch/mesos/slaves/07fc96ef-bf4d-487f-b22f-a84e49f5f44a-S15534/frameworks/1735e8a2-a1db-478c-8104-60c8b0af87dd-0196/executors/2de9a231-452d-4727
Event: 6934.557 Thread 0x00007f98ff514800 Exception <a 'java/security/PrivilegedActionException'{0x0000000787abc6e0}> (0x0000000787abc6e0) thrown at [/scratch/mesos/slaves/07fc96ef-bf4d-487f-b22f-a84e49f5f44a-S15534/frameworks/1735e8a2-a1db-478c-8104-60c8b0af87dd-0196/executors/2de9a231-452d-4727
Event: 6934.557 Thread 0x00007f98ff514800 Exception <a 'java/security/PrivilegedActionException'{0x0000000787abc9b0}> (0x0000000787abc9b0) thrown at [/scratch/mesos/slaves/07fc96ef-bf4d-487f-b22f-a84e49f5f44a-S15534/frameworks/1735e8a2-a1db-478c-8104-60c8b0af87dd-0196/executors/2de9a231-452d-4727
Event: 7038.385 Thread 0x00007f98ff113800 Exception <a 'java/security/PrivilegedActionException'{0x00000007879f4f18}> (0x00000007879f4f18) thrown at [/scratch/mesos/slaves/07fc96ef-bf4d-487f-b22f-a84e49f5f44a-S15534/frameworks/1735e8a2-a1db-478c-8104-60c8b0af87dd-0196/executors/2de9a231-452d-4727
Event: 7038.385 Thread 0x00007f98ff113800 Exception <a 'java/security/PrivilegedActionException'{0x00000007879f51e8}> (0x00000007879f51e8) thrown at [/scratch/mesos/slaves/07fc96ef-bf4d-487f-b22f-a84e49f5f44a-S15534/frameworks/1735e8a2-a1db-478c-8104-60c8b0af87dd-0196/executors/2de9a231-452d-4727

Events (10 events):
Event: 7102.462 Thread 0x00007f98ff112800 DEOPT PACKING pc=0x000000012193c34c sp=0x0000700008dc4670
Event: 7102.462 Thread 0x00007f98ff112800 DEOPT UNPACKING pc=0x0000000119e211a5 sp=0x0000700008dc4560 mode 2
Event: 7102.471 Thread 0x00007f98ff112800 Uncommon trap: trap_request=0xffffffde fr.pc=0x000000012193c34c relative=0x000000000000802c
Event: 7102.471 Thread 0x00007f98ff112800 DEOPT PACKING pc=0x000000012193c34c sp=0x0000700008dc4670
Event: 7102.471 Thread 0x00007f98ff112800 DEOPT UNPACKING pc=0x0000000119e211a5 sp=0x0000700008dc4560 mode 2
Event: 7102.479 Thread 0x00007f98ff112800 Uncommon trap: trap_request=0xffffffde fr.pc=0x000000012193c34c relative=0x000000000000802c
Event: 7102.479 Thread 0x00007f98ff112800 DEOPT PACKING pc=0x000000012193c34c sp=0x0000700008dc4670
Event: 7102.479 Thread 0x00007f98ff112800 DEOPT UNPACKING pc=0x0000000119e211a5 sp=0x0000700008dc4560 mode 2
Event: 7102.985 Executing VM operation: G1CollectForAllocation
Event: 7102.994 Executing VM operation: G1CollectForAllocation done


Dynamic libraries:
0x00007fff3898d000 	/System/Library/Frameworks/Cocoa.framework/Versions/A/Cocoa
0x00007fff46184000 	/System/Library/Frameworks/Security.framework/Versions/A/Security
0x00007fff378f2000 	/System/Library/Frameworks/ApplicationServices.framework/Versions/A/ApplicationServices
0x00007fff72e40000 	/usr/lib/libz.1.dylib
0x00007fff70904000 	/usr/lib/libSystem.B.dylib
0x00007fff3982f000 	/System/Library/Frameworks/CoreFoundation.framework/Versions/A/CoreFoundation
0x00007fff3beec000 	/System/Library/Frameworks/Foundation.framework/Versions/C/Foundation
0x00007fff72764000 	/usr/lib/libobjc.A.dylib
0x00007fff36ae2000 	/System/Library/Frameworks/AppKit.framework/Versions/C/AppKit
0x00007fff39311000 	/System/Library/Frameworks/CoreData.framework/Versions/A/CoreData
0x00007fff6a91a000 	/System/Library/PrivateFrameworks/UIFoundation.framework/Versions/A/UIFoundation
0x00007fff659ae000 	/System/Library/PrivateFrameworks/RemoteViewServices.framework/Versions/A/RemoteViewServices
0x00007fff6d474000 	/System/Library/PrivateFrameworks/XCTTargetBootstrap.framework/Versions/A/XCTTargetBootstrap
0x00007fff396fc000 	/System/Library/Frameworks/CoreDisplay.framework/Versions/A/CoreDisplay
0x00007fff3eda6000 	/System/Library/Frameworks/Metal.framework/Versions/A/Metal
0x00007fff5399b000 	/System/Library/PrivateFrameworks/DesktopServicesPriv.framework/Versions/A/DesktopServicesPriv
0x00007fff71a3f000 	/usr/lib/liblangid.dylib
0x00007fff52c30000 	/System/Library/PrivateFrameworks/CoreSVG.framework/Versions/A/CoreSVG
0x00007fff68b0a000 	/System/Library/PrivateFrameworks/SkyLight.framework/Versions/A/SkyLight
0x00007fff39cb0000 	/System/Library/Frameworks/CoreGraphics.framework/Versions/A/CoreGraphics
0x00007fff354b6000 	/System/Library/Frameworks/Accelerate.framework/Versions/A/Accelerate
0x00007fff72d31000 	/usr/lib/libxml2.2.dylib
0x00007fff5e939000 	/System/Library/PrivateFrameworks/IconServices.framework/Versions/A/IconServices
0x00007fff3c6cb000 	/System/Library/Frameworks/IOSurface.framework/Versions/A/IOSurface
0x00007fff7042e000 	/usr/lib/libDiagnosticMessagesClient.dylib
0x00007fff537f5000 	/System/Library/PrivateFrameworks/DFRFoundation.framework/Versions/A/DFRFoundation
0x00007fff717ce000 	/usr/lib/libicucore.A.dylib
0x00007fff37c24000 	/System/Library/Frameworks/AudioToolbox.framework/Versions/A/AudioToolbox
0x00007fff37d07000 	/System/Library/Frameworks/AudioUnit.framework/Versions/A/AudioUnit
0x00007fff70b06000 	/usr/lib/libauto.dylib
0x00007fff53897000 	/System/Library/PrivateFrameworks/DataDetectorsCore.framework/Versions/A/DataDetectorsCore
0x00007fff384ae000 	/System/Library/Frameworks/Carbon.framework/Versions/A/Frameworks/HIToolbox.framework/Versions/A/HIToolbox
0x00007fff4537e000 	/System/Library/Frameworks/QuartzCore.framework/Versions/A/QuartzCore
0x00007fff387ed000 	/System/Library/Frameworks/Carbon.framework/Versions/A/Frameworks/SpeechRecognition.framework/Versions/A/SpeechRecognition
0x00007fff53309000 	/System/Library/PrivateFrameworks/CoreUI.framework/Versions/A/CoreUI
0x00007fff38d7c000 	/System/Library/Frameworks/CoreAudio.framework/Versions/A/CoreAudio
0x00007fff3bbab000 	/System/Library/Frameworks/DiskArbitration.framework/Versions/A/DiskArbitration
0x00007fff60989000 	/System/Library/PrivateFrameworks/MultitouchSupport.framework/Versions/A/MultitouchSupport
0x00007fff71695000 	/usr/lib/libenergytrace.dylib
0x00007fff3c625000 	/System/Library/Frameworks/IOKit.framework/Versions/A/IOKit
0x00007fff3ac17000 	/System/Library/Frameworks/CoreServices.framework/Versions/A/CoreServices
0x00007fff62b41000 	/System/Library/PrivateFrameworks/PerformanceAnalysis.framework/Versions/A/PerformanceAnalysis
0x00007fff443b1000 	/System/Library/Frameworks/OpenGL.framework/Versions/A/OpenGL
0x00007fff3899b000 	/System/Library/Frameworks/ColorSync.framework/Versions/A/ColorSync
0x00007fff3a333000 	/System/Library/Frameworks/CoreImage.framework/Versions/A/CoreImage
0x00007fff3b68a000 	/System/Library/Frameworks/CoreText.framework/Versions/A/CoreText
0x00007fff3c75b000 	/System/Library/Frameworks/ImageIO.framework/Versions/A/ImageIO
0x00007fff70bea000 	/usr/lib/libc++.1.dylib
0x00007fff70c66000 	/usr/lib/libcompression.dylib
0x00007fff70772000 	/usr/lib/libMobileGestalt.dylib
0x00007fff6a684000 	/System/Library/PrivateFrameworks/TextureIO.framework/Versions/A/TextureIO
0x00007fff70a69000 	/usr/lib/libate.dylib
0x00007fff5eb42000 	/System/Library/PrivateFrameworks/InternationalSupport.framework/Versions/A/InternationalSupport
0x00007fff73701000 	/usr/lib/system/libcache.dylib
0x00007fff73707000 	/usr/lib/system/libcommonCrypto.dylib
0x00007fff73713000 	/usr/lib/system/libcompiler_rt.dylib
0x00007fff7371b000 	/usr/lib/system/libcopyfile.dylib
0x00007fff73725000 	/usr/lib/system/libcorecrypto.dylib
0x00007fff738c4000 	/usr/lib/system/libdispatch.dylib
0x00007fff73905000 	/usr/lib/system/libdyld.dylib
0x00007fff7393c000 	/usr/lib/system/libkeymgr.dylib
0x00007fff7394a000 	/usr/lib/system/liblaunch.dylib
0x00007fff7394b000 	/usr/lib/system/libmacho.dylib
0x00007fff73951000 	/usr/lib/system/libquarantine.dylib
0x00007fff73954000 	/usr/lib/system/libremovefile.dylib
0x00007fff73956000 	/usr/lib/system/libsystem_asl.dylib
0x00007fff7396e000 	/usr/lib/system/libsystem_blocks.dylib
0x00007fff7396f000 	/usr/lib/system/libsystem_c.dylib
0x00007fff739f7000 	/usr/lib/system/libsystem_configuration.dylib
0x00007fff739fb000 	/usr/lib/system/libsystem_coreservices.dylib
0x00007fff739ff000 	/usr/lib/system/libsystem_darwin.dylib
0x00007fff73a08000 	/usr/lib/system/libsystem_dnssd.dylib
0x00007fff73a10000 	/usr/lib/system/libsystem_featureflags.dylib
0x00007fff73a12000 	/usr/lib/system/libsystem_info.dylib
0x00007fff73a8d000 	/usr/lib/system/libsystem_m.dylib
0x00007fff73ad5000 	/usr/lib/system/libsystem_malloc.dylib
0x00007fff73afd000 	/usr/lib/system/libsystem_networkextension.dylib
0x00007fff73b0b000 	/usr/lib/system/libsystem_notify.dylib
0x00007fff73b29000 	/usr/lib/system/libsystem_sandbox.dylib
0x00007fff73b2e000 	/usr/lib/system/libsystem_secinit.dylib
0x00007fff73a60000 	/usr/lib/system/libsystem_kernel.dylib
0x00007fff73b15000 	/usr/lib/system/libsystem_platform.dylib
0x00007fff73b1e000 	/usr/lib/system/libsystem_pthread.dylib
0x00007fff73b31000 	/usr/lib/system/libsystem_symptoms.dylib
0x00007fff73b39000 	/usr/lib/system/libsystem_trace.dylib
0x00007fff73b51000 	/usr/lib/system/libunwind.dylib
0x00007fff73b57000 	/usr/lib/system/libxpc.dylib
0x00007fff70c3d000 	/usr/lib/libc++abi.dylib
0x00007fff71a41000 	/usr/lib/liblzma.5.dylib
0x00007fff716bc000 	/usr/lib/libfakelink.dylib
0x00007fff709f6000 	/usr/lib/libarchive.2.dylib
0x00007fff47235000 	/System/Library/Frameworks/SystemConfiguration.framework/Versions/A/SystemConfiguration
0x00007fff70361000 	/usr/lib/libCRFSuite.dylib
0x00007fff3809e000 	/System/Library/Frameworks/CFNetwork.framework/Versions/A/CFNetwork
0x00007fff70bcc000 	/usr/lib/libbsm.0.dylib
0x00007fff7393d000 	/usr/lib/system/libkxld.dylib
0x00007fff4d172000 	/System/Library/PrivateFrameworks/AppleFSCompression.framework/Versions/A/AppleFSCompression
0x00007fff70f57000 	/usr/lib/libcoretls.dylib
0x00007fff70f6e000 	/usr/lib/libcoretls_cfhelpers.dylib
0x00007fff727aa000 	/usr/lib/libpam.2.dylib
0x00007fff728df000 	/usr/lib/libsqlite3.dylib
0x00007fff72d1e000 	/usr/lib/libxar.1.dylib
0x00007fff70bdd000 	/usr/lib/libbz2.1.0.dylib
0x00007fff716dd000 	/usr/lib/libiconv.2.dylib
0x00007fff70c53000 	/usr/lib/libcharset.1.dylib
0x00007fff72247000 	/usr/lib/libnetwork.dylib
0x00007fff727b1000 	/usr/lib/libpcap.A.dylib
0x00007fff709ab000 	/usr/lib/libapple_nghttp2.dylib
0x00007fff3afce000 	/System/Library/Frameworks/CoreServices.framework/Versions/A/Frameworks/FSEvents.framework/Versions/A/FSEvents
0x00007fff3ac9e000 	/System/Library/Frameworks/CoreServices.framework/Versions/A/Frameworks/CarbonCore.framework/Versions/A/CarbonCore
0x00007fff3b212000 	/System/Library/Frameworks/CoreServices.framework/Versions/A/Frameworks/Metadata.framework/Versions/A/Metadata
0x00007fff3b2ab000 	/System/Library/Frameworks/CoreServices.framework/Versions/A/Frameworks/OSServices.framework/Versions/A/OSServices
0x00007fff3b2d9000 	/System/Library/Frameworks/CoreServices.framework/Versions/A/Frameworks/SearchKit.framework/Versions/A/SearchKit
0x00007fff3ac18000 	/System/Library/Frameworks/CoreServices.framework/Versions/A/Frameworks/AE.framework/Versions/A/AE
0x00007fff3afd7000 	/System/Library/Frameworks/CoreServices.framework/Versions/A/Frameworks/LaunchServices.framework/Versions/A/LaunchServices
0x00007fff3af80000 	/System/Library/Frameworks/CoreServices.framework/Versions/A/Frameworks/DictionaryServices.framework/Versions/A/DictionaryServices
0x00007fff3b341000 	/System/Library/Frameworks/CoreServices.framework/Versions/A/Frameworks/SharedFileList.framework/Versions/A/SharedFileList
0x00007fff401d0000 	/System/Library/Frameworks/NetFS.framework/Versions/A/NetFS
0x00007fff60eb9000 	/System/Library/PrivateFrameworks/NetAuth.framework/Versions/A/NetAuth
0x00007fff6d841000 	/System/Library/PrivateFrameworks/login.framework/Versions/A/Frameworks/loginsupport.framework/Versions/A/loginsupport
0x00007fff6a14f000 	/System/Library/PrivateFrameworks/TCC.framework/Versions/A/TCC
0x00007fff51da3000 	/System/Library/PrivateFrameworks/CoreNLP.framework/Versions/A/CoreNLP
0x00007fff603b6000 	/System/Library/PrivateFrameworks/MetadataUtilities.framework/Versions/A/MetadataUtilities
0x00007fff71b19000 	/usr/lib/libmecabra.dylib
0x00007fff71a71000 	/usr/lib/libmecab.dylib
0x00007fff716cd000 	/usr/lib/libgermantok.dylib
0x00007fff70992000 	/usr/lib/libThaiTokenizer.dylib
0x00007fff70398000 	/usr/lib/libChineseTokenizer.dylib
0x00007fff354ce000 	/System/Library/Frameworks/Accelerate.framework/Versions/A/Frameworks/vImage.framework/Versions/A/vImage
0x00007fff36938000 	/System/Library/Frameworks/Accelerate.framework/Versions/A/Frameworks/vecLib.framework/Versions/A/vecLib
0x00007fff36875000 	/System/Library/Frameworks/Accelerate.framework/Versions/A/Frameworks/vecLib.framework/Versions/A/libvMisc.dylib
0x00007fff3669d000 	/System/Library/Frameworks/Accelerate.framework/Versions/A/Frameworks/vecLib.framework/Versions/A/libvDSP.dylib
0x00007fff35b25000 	/System/Library/Frameworks/Accelerate.framework/Versions/A/Frameworks/vecLib.framework/Versions/A/libBLAS.dylib
0x00007fff36261000 	/System/Library/Frameworks/Accelerate.framework/Versions/A/Frameworks/vecLib.framework/Versions/A/libLAPACK.dylib
0x00007fff365fd000 	/System/Library/Frameworks/Accelerate.framework/Versions/A/Frameworks/vecLib.framework/Versions/A/libLinearAlgebra.dylib
0x00007fff3668a000 	/System/Library/Frameworks/Accelerate.framework/Versions/A/Frameworks/vecLib.framework/Versions/A/libSparseBLAS.dylib
0x00007fff36613000 	/System/Library/Frameworks/Accelerate.framework/Versions/A/Frameworks/vecLib.framework/Versions/A/libQuadrature.dylib
0x00007fff35d8d000 	/System/Library/Frameworks/Accelerate.framework/Versions/A/Frameworks/vecLib.framework/Versions/A/libBNNS.dylib
0x00007fff36619000 	/System/Library/Frameworks/Accelerate.framework/Versions/A/Frameworks/vecLib.framework/Versions/A/libSparse.dylib
0x00007fff5ef2a000 	/System/Library/PrivateFrameworks/LanguageModeling.framework/Versions/A/LanguageModeling
0x00007fff51753000 	/System/Library/PrivateFrameworks/CoreEmoji.framework/Versions/A/CoreEmoji
0x00007fff5f048000 	/System/Library/PrivateFrameworks/LinguisticData.framework/Versions/A/LinguisticData
0x00007fff5eff9000 	/System/Library/PrivateFrameworks/Lexicon.framework/Versions/A/Lexicon
0x00007fff70c54000 	/usr/lib/libcmph.dylib
0x00007fff42dbf000 	/System/Library/Frameworks/OpenDirectory.framework/Versions/A/Frameworks/CFOpenDirectory.framework/Versions/A/CFOpenDirectory
0x00007fff42ddc000 	/System/Library/Frameworks/OpenDirectory.framework/Versions/A/OpenDirectory
0x00007fff4b21f000 	/System/Library/PrivateFrameworks/APFS.framework/Versions/A/APFS
0x00007fff464ce000 	/System/Library/Frameworks/SecurityFoundation.framework/Versions/A/SecurityFoundation
0x00007fff72d1a000 	/usr/lib/libutil.dylib
0x00007fff52c88000 	/System/Library/PrivateFrameworks/CoreServicesStore.framework/Versions/A/CoreServicesStore
0x00007fff46585000 	/System/Library/Frameworks/ServiceManagement.framework/Versions/A/ServiceManagement
0x00007fff4e942000 	/System/Library/PrivateFrameworks/BackgroundTaskManagement.framework/Versions/A/BackgroundTaskManagement
0x00007fff72e17000 	/usr/lib/libxslt.1.dylib
0x00007fff4d7e5000 	/System/Library/PrivateFrameworks/AppleSystemInfo.framework/Versions/A/AppleSystemInfo
0x00007fff3c976000 	/System/Library/Frameworks/ImageIO.framework/Versions/A/Resources/libJPEG.dylib
0x00007fff3cc34000 	/System/Library/Frameworks/ImageIO.framework/Versions/A/Resources/libTIFF.dylib
0x00007fff3cc17000 	/System/Library/Frameworks/ImageIO.framework/Versions/A/Resources/libPng.dylib
0x00007fff3c8b8000 	/System/Library/Frameworks/ImageIO.framework/Versions/A/Resources/libGIF.dylib
0x00007fff3c8bc000 	/System/Library/Frameworks/ImageIO.framework/Versions/A/Resources/libJP2.dylib
0x00007fff3cc32000 	/System/Library/Frameworks/ImageIO.framework/Versions/A/Resources/libRadiance.dylib
0x00007fff71696000 	/usr/lib/libexpat.1.dylib
0x00007fff4d2cd000 	/System/Library/PrivateFrameworks/AppleJPEG.framework/Versions/A/AppleJPEG
0x00007fff55f9e000 	/System/Library/PrivateFrameworks/FontServices.framework/libFontParser.dylib
0x00007fff6c843000 	/System/Library/PrivateFrameworks/WatchdogClient.framework/Versions/A/WatchdogClient
0x00007fff5e585000 	/System/Library/PrivateFrameworks/IOAccelerator.framework/Versions/A/IOAccelerator
0x00007fff3f141000 	/System/Library/Frameworks/MetalPerformanceShaders.framework/Versions/A/MetalPerformanceShaders
0x00007fff5ad1b000 	/System/Library/PrivateFrameworks/GPUWrangler.framework/Versions/A/GPUWrangler
0x00007fff5e59a000 	/System/Library/PrivateFrameworks/IOPresentment.framework/Versions/A/IOPresentment
0x00007fff53808000 	/System/Library/PrivateFrameworks/DSExternalDisplay.framework/Versions/A/DSExternalDisplay
0x00007fff43750000 	/System/Library/Frameworks/OpenGL.framework/Versions/A/Libraries/libCoreFSCache.dylib
0x00007fff3ee8d000 	/System/Library/Frameworks/MetalPerformanceShaders.framework/Frameworks/MPSCore.framework/Versions/A/MPSCore
0x00007fff3eecb000 	/System/Library/Frameworks/MetalPerformanceShaders.framework/Frameworks/MPSImage.framework/Versions/A/MPSImage
0x00007fff3ef92000 	/System/Library/Frameworks/MetalPerformanceShaders.framework/Frameworks/MPSNeuralNetwork.framework/Versions/A/MPSNeuralNetwork
0x00007fff3ef56000 	/System/Library/Frameworks/MetalPerformanceShaders.framework/Frameworks/MPSMatrix.framework/Versions/A/MPSMatrix
0x00007fff3f0f1000 	/System/Library/Frameworks/MetalPerformanceShaders.framework/Frameworks/MPSRayIntersector.framework/Versions/A/MPSRayIntersector
0x00007fff3ef7c000 	/System/Library/Frameworks/MetalPerformanceShaders.framework/Frameworks/MPSNDArray.framework/Versions/A/MPSNDArray
0x00007fff60403000 	/System/Library/PrivateFrameworks/MetalTools.framework/Versions/A/MetalTools
0x00007fff4c3f9000 	/System/Library/PrivateFrameworks/AggregateDictionary.framework/Versions/A/AggregateDictionary
0x00007fff5119b000 	/System/Library/PrivateFrameworks/CoreAnalytics.framework/Versions/A/CoreAnalytics
0x00007fff4d704000 	/System/Library/PrivateFrameworks/AppleSauce.framework/Versions/A/AppleSauce
0x00007fff70654000 	/usr/lib/libIOReport.dylib
0x00007fff3b842000 	/System/Library/Frameworks/CoreVideo.framework/Versions/A/CoreVideo
0x00007fff5c194000 	/System/Library/PrivateFrameworks/GraphVisualizer.framework/Versions/A/GraphVisualizer
0x00007fff554e4000 	/System/Library/PrivateFrameworks/FaceCore.framework/Versions/A/FaceCore
0x00007fff42d66000 	/System/Library/Frameworks/OpenCL.framework/Versions/A/OpenCL
0x00007fff70476000 	/usr/lib/libFosl_dynamic.dylib
0x00007fff618d9000 	/System/Library/PrivateFrameworks/OTSVG.framework/Versions/A/OTSVG
0x00007fff379f7000 	/System/Library/Frameworks/ApplicationServices.framework/Versions/A/Frameworks/ATS.framework/Versions/A/Resources/libFontRegistry.dylib
0x00007fff5616f000 	/System/Library/PrivateFrameworks/FontServices.framework/libhvf.dylib
0x00007fff4375b000 	/System/Library/Frameworks/OpenGL.framework/Versions/A/Libraries/libGFXShared.dylib
0x00007fff43939000 	/System/Library/Frameworks/OpenGL.framework/Versions/A/Libraries/libGLU.dylib
0x00007fff43764000 	/System/Library/Frameworks/OpenGL.framework/Versions/A/Libraries/libGL.dylib
0x00007fff4376f000 	/System/Library/Frameworks/OpenGL.framework/Versions/A/Libraries/libGLImage.dylib
0x00007fff4374d000 	/System/Library/Frameworks/OpenGL.framework/Versions/A/Libraries/libCVMSPluginSupport.dylib
0x00007fff43756000 	/System/Library/Frameworks/OpenGL.framework/Versions/A/Libraries/libCoreVMClient.dylib
0x00007fff720e8000 	/usr/lib/libncurses.5.4.dylib
0x00007fff378f3000 	/System/Library/Frameworks/ApplicationServices.framework/Versions/A/Frameworks/ATS.framework/Versions/A/ATS
0x00007fff37ac0000 	/System/Library/Frameworks/ApplicationServices.framework/Versions/A/Frameworks/ColorSyncLegacy.framework/Versions/A/ColorSyncLegacy
0x00007fff37b5e000 	/System/Library/Frameworks/ApplicationServices.framework/Versions/A/Frameworks/HIServices.framework/Versions/A/HIServices
0x00007fff37bb6000 	/System/Library/Frameworks/ApplicationServices.framework/Versions/A/Frameworks/LangAnalysis.framework/Versions/A/LangAnalysis
0x00007fff37bc5000 	/System/Library/Frameworks/ApplicationServices.framework/Versions/A/Frameworks/PrintCore.framework/Versions/A/PrintCore
0x00007fff37c0b000 	/System/Library/Frameworks/ApplicationServices.framework/Versions/A/Frameworks/QD.framework/Versions/A/QD
0x00007fff37c16000 	/System/Library/Frameworks/ApplicationServices.framework/Versions/A/Frameworks/SpeechSynthesis.framework/Versions/A/SpeechSynthesis
0x00007fff37a90000 	/System/Library/Frameworks/ApplicationServices.framework/Versions/A/Frameworks/ATSUI.framework/Versions/A/ATSUI
0x00007fff7152c000 	/usr/lib/libcups.2.dylib
0x00007fff3e1dc000 	/System/Library/Frameworks/Kerberos.framework/Versions/A/Kerberos
0x00007fff3c31e000 	/System/Library/Frameworks/GSS.framework/Versions/A/GSS
0x00007fff7286b000 	/usr/lib/libresolv.9.dylib
0x00007fff5c341000 	/System/Library/PrivateFrameworks/Heimdal.framework/Versions/A/Heimdal
0x00007fff3e1ef000 	/System/Library/Frameworks/Kerberos.framework/Versions/A/Libraries/libHeimdalProxy.dylib
0x00007fff716d3000 	/usr/lib/libheimdal-asn1.dylib
0x00007fff50633000 	/System/Library/PrivateFrameworks/CommonAuth.framework/Versions/A/CommonAuth
0x00007fff4d882000 	/System/Library/PrivateFrameworks/AssertionServices.framework/Versions/A/AssertionServices
0x00007fff4e425000 	/System/Library/PrivateFrameworks/AudioToolboxCore.framework/Versions/A/AudioToolboxCore
0x00007fff6d4f1000 	/System/Library/PrivateFrameworks/caulk.framework/Versions/A/caulk
0x00007fff4e9ee000 	/System/Library/PrivateFrameworks/BaseBoard.framework/Versions/A/BaseBoard
0x00007fff65b3c000 	/System/Library/PrivateFrameworks/RunningBoardServices.framework/Versions/A/RunningBoardServices
0x00007fff62b4d000 	/System/Library/PrivateFrameworks/PersistentConnection.framework/Versions/A/PersistentConnection
0x00007fff65535000 	/System/Library/PrivateFrameworks/ProtocolBuffer.framework/Versions/A/ProtocolBuffer
0x00007fff50657000 	/System/Library/PrivateFrameworks/CommonUtilities.framework/Versions/A/CommonUtilities
0x00007fff4eb7c000 	/System/Library/PrivateFrameworks/Bom.framework/Versions/A/Bom
0x00007fff70327000 	/usr/lib/libAudioToolboxUtility.dylib
0x00007fff4e94c000 	/System/Library/PrivateFrameworks/Backup.framework/Versions/A/Backup
0x00007fff53729000 	/System/Library/PrivateFrameworks/CrashReporterSupport.framework/Versions/A/CrashReporterSupport
0x00007fff675ce000 	/System/Library/PrivateFrameworks/Sharing.framework/Versions/A/Sharing
0x00007fff4ce90000 	/System/Library/PrivateFrameworks/Apple80211.framework/Versions/A/Apple80211
0x00007fff4e669000 	/System/Library/PrivateFrameworks/AuthKit.framework/Versions/A/AuthKit
0x00007fff53436000 	/System/Library/PrivateFrameworks/CoreUtils.framework/Versions/A/CoreUtils
0x00007fff3b887000 	/System/Library/Frameworks/CoreWLAN.framework/Versions/A/CoreWLAN
0x00007fff3c4ab000 	/System/Library/Frameworks/IOBluetooth.framework/Versions/A/IOBluetooth
0x00007fff60708000 	/System/Library/PrivateFrameworks/MobileKeyBag.framework/Versions/A/MobileKeyBag
0x00007fff5223b000 	/System/Library/PrivateFrameworks/CorePhoneNumbers.framework/Versions/A/CorePhoneNumbers
0x00007fff4d280000 	/System/Library/PrivateFrameworks/AppleIDAuthSupport.framework/Versions/A/AppleIDAuthSupport
0x00007fff401dd000 	/System/Library/Frameworks/Network.framework/Versions/A/Network
0x00007fff5edd6000 	/System/Library/PrivateFrameworks/KeychainCircle.framework/Versions/A/KeychainCircle
0x00007fff392d8000 	/System/Library/Frameworks/CoreBluetooth.framework/Versions/A/CoreBluetooth
0x00007fff6964d000 	/System/Library/PrivateFrameworks/SpeechRecognitionCore.framework/Versions/A/SpeechRecognitionCore
0x000000010f600000 	/private/var/folders/f8/fmdmmwp11hvb7t9zcw0k0sqw0000gn/T/AppTranslocation/B3C3689D-14CC-40BA-BA51-CCE7B3580A0F/d/BlueJ.app/Contents/JDK/Home/lib/server/libjvm.dylib
0x000000010ed62000 	/private/var/folders/f8/fmdmmwp11hvb7t9zcw0k0sqw0000gn/T/AppTranslocation/B3C3689D-14CC-40BA-BA51-CCE7B3580A0F/d/BlueJ.app/Contents/JDK/Home/lib/libverify.dylib
0x000000010ed6e000 	/private/var/folders/f8/fmdmmwp11hvb7t9zcw0k0sqw0000gn/T/AppTranslocation/B3C3689D-14CC-40BA-BA51-CCE7B3580A0F/d/BlueJ.app/Contents/JDK/Home/lib/libjava.dylib
0x000000010ed9e000 	/private/var/folders/f8/fmdmmwp11hvb7t9zcw0k0sqw0000gn/T/AppTranslocation/B3C3689D-14CC-40BA-BA51-CCE7B3580A0F/d/BlueJ.app/Contents/JDK/Home/lib/libjdwp.dylib
0x000000010edde000 	/private/var/folders/f8/fmdmmwp11hvb7t9zcw0k0sqw0000gn/T/AppTranslocation/B3C3689D-14CC-40BA-BA51-CCE7B3580A0F/d/BlueJ.app/Contents/JDK/Home/lib/libzip.dylib
0x000000010ede6000 	/private/var/folders/f8/fmdmmwp11hvb7t9zcw0k0sqw0000gn/T/AppTranslocation/B3C3689D-14CC-40BA-BA51-CCE7B3580A0F/d/BlueJ.app/Contents/JDK/Home/lib/libjimage.dylib
0x00000001119ad000 	/private/var/folders/f8/fmdmmwp11hvb7t9zcw0k0sqw0000gn/T/AppTranslocation/B3C3689D-14CC-40BA-BA51-CCE7B3580A0F/d/BlueJ.app/Contents/JDK/Home/lib/libdt_socket.dylib
0x00000001119b3000 	/private/var/folders/f8/fmdmmwp11hvb7t9zcw0k0sqw0000gn/T/AppTranslocation/B3C3689D-14CC-40BA-BA51-CCE7B3580A0F/d/BlueJ.app/Contents/JDK/Home/lib/libnio.dylib
0x00000001119c1000 	/private/var/folders/f8/fmdmmwp11hvb7t9zcw0k0sqw0000gn/T/AppTranslocation/B3C3689D-14CC-40BA-BA51-CCE7B3580A0F/d/BlueJ.app/Contents/JDK/Home/lib/libnet.dylib
0x0000000130934000 	/private/var/folders/f8/fmdmmwp11hvb7t9zcw0k0sqw0000gn/T/AppTranslocation/B3C3689D-14CC-40BA-BA51-CCE7B3580A0F/d/BlueJ.app/Contents/JDK/Home/lib/libawt.dylib
0x00000001309ce000 	/private/var/folders/f8/fmdmmwp11hvb7t9zcw0k0sqw0000gn/T/AppTranslocation/B3C3689D-14CC-40BA-BA51-CCE7B3580A0F/d/BlueJ.app/Contents/JDK/Home/lib/libmlib_image.dylib
0x00007fff3e1c6000 	/System/Library/Frameworks/JavaVM.framework/Versions/A/Frameworks/JavaNativeFoundation.framework/Versions/A/JavaNativeFoundation
0x00007fff3e1cf000 	/System/Library/Frameworks/JavaVM.framework/Versions/A/Frameworks/JavaRuntimeSupport.framework/Versions/A/JavaRuntimeSupport
0x00007fff3e1d7000 	/System/Library/Frameworks/JavaVM.framework/Versions/A/JavaVM
0x00007fff5ebed000 	/System/Library/PrivateFrameworks/JavaLaunching.framework/Versions/A/JavaLaunching
0x00007fff384a9000 	/System/Library/Frameworks/Carbon.framework/Versions/A/Carbon
0x00007fff531db000 	/System/Library/PrivateFrameworks/CoreSymbolication.framework/Versions/A/CoreSymbolication
0x00007fff384aa000 	/System/Library/Frameworks/Carbon.framework/Versions/A/Frameworks/CommonPanels.framework/Versions/A/CommonPanels
0x00007fff387a3000 	/System/Library/Frameworks/Carbon.framework/Versions/A/Frameworks/Help.framework/Versions/A/Help
0x00007fff387a7000 	/System/Library/Frameworks/Carbon.framework/Versions/A/Frameworks/ImageCapture.framework/Versions/A/ImageCapture
0x00007fff387ae000 	/System/Library/Frameworks/Carbon.framework/Versions/A/Frameworks/OpenScripting.framework/Versions/A/OpenScripting
0x00007fff387ad000 	/System/Library/Frameworks/Carbon.framework/Versions/A/Frameworks/Ink.framework/Versions/A/Ink
0x00007fff387e9000 	/System/Library/Frameworks/Carbon.framework/Versions/A/Frameworks/Print.framework/Versions/A/Print
0x00007fff387ea000 	/System/Library/Frameworks/Carbon.framework/Versions/A/Frameworks/SecurityHI.framework/Versions/A/SecurityHI
0x00007fff5395d000 	/System/Library/PrivateFrameworks/DebugSymbols.framework/Versions/A/DebugSymbols
0x0000000130a34000 	/private/var/folders/f8/fmdmmwp11hvb7t9zcw0k0sqw0000gn/T/AppTranslocation/B3C3689D-14CC-40BA-BA51-CCE7B3580A0F/d/BlueJ.app/Contents/JDK/Home/lib/libawt_lwawt.dylib
0x0000000130ae1000 	/private/var/folders/f8/fmdmmwp11hvb7t9zcw0k0sqw0000gn/T/AppTranslocation/B3C3689D-14CC-40BA-BA51-CCE7B3580A0F/d/BlueJ.app/Contents/JDK/Home/lib/libosxapp.dylib
0x00007fff3bd87000 	/System/Library/Frameworks/ExceptionHandling.framework/Versions/A/ExceptionHandling
0x0000000130b03000 	/private/var/folders/f8/fmdmmwp11hvb7t9zcw0k0sqw0000gn/T/AppTranslocation/B3C3689D-14CC-40BA-BA51-CCE7B3580A0F/d/BlueJ.app/Contents/JDK/Home/lib/libfontmanager.dylib
0x0000000130b93000 	/private/var/folders/f8/fmdmmwp11hvb7t9zcw0k0sqw0000gn/T/AppTranslocation/B3C3689D-14CC-40BA-BA51-CCE7B3580A0F/d/BlueJ.app/Contents/JDK/Home/lib/libfreetype.dylib
0x00007fff52c54000 	/System/Library/PrivateFrameworks/CoreServicesInternal.framework/Versions/A/CoreServicesInternal
0x00007fff3bda6000 	/System/Library/Frameworks/FileProvider.framework/Versions/A/FileProvider
0x00007fff36939000 	/System/Library/Frameworks/Accounts.framework/Versions/A/Accounts
0x00007fff5b040000 	/System/Library/PrivateFrameworks/GenerationalStorage.framework/Versions/A/GenerationalStorage
0x00007fff69e8f000 	/System/Library/PrivateFrameworks/SymptomDiagnosticReporter.framework/Versions/A/SymptomDiagnosticReporter
0x00007fff4c994000 	/System/Library/PrivateFrameworks/AppContainer.framework/Versions/A/AppContainer
0x00007fff72885000 	/usr/lib/libsandbox.1.dylib
0x00007fff6b7e7000 	/System/Library/PrivateFrameworks/UserManagement.framework/Versions/A/UserManagement
0x00007fff4f738000 	/System/Library/PrivateFrameworks/ChunkingLibrary.framework/Versions/A/ChunkingLibrary
0x00007fff4ca06000 	/System/Library/PrivateFrameworks/AppSandbox.framework/Versions/A/AppSandbox
0x00007fff67458000 	/System/Library/PrivateFrameworks/SecCodeWrapper.framework/Versions/A/SecCodeWrapper
0x00007fff7073c000 	/usr/lib/libMatch.1.dylib
0x00007fff2c921000 	/System/Library/CoreServices/RawCamera.bundle/Contents/MacOS/RawCamera
0x00007fff60532000 	/System/Library/PrivateFrameworks/MobileAsset.framework/Versions/A/MobileAsset
0x00007fff69d37000 	/System/Library/PrivateFrameworks/StreamingZip.framework/Versions/A/StreamingZip
0x00007fff3e657000 	/System/Library/Frameworks/MediaToolbox.framework/Versions/A/MediaToolbox
0x00007fff5114b000 	/System/Library/PrivateFrameworks/CoreAVCHD.framework/Versions/A/CoreAVCHD
0x00007fff3e581000 	/System/Library/Frameworks/MediaAccessibility.framework/Versions/A/MediaAccessibility
0x00007fff5f8e6000 	/System/Library/PrivateFrameworks/Mangrove.framework/Versions/A/Mangrove
0x00007fff3aa4f000 	/System/Library/Frameworks/CoreMedia.framework/Versions/A/CoreMedia
0x00007fff5fb52000 	/System/Library/PrivateFrameworks/MediaExperience.framework/Versions/A/MediaExperience
0x00007fff4752f000 	/System/Library/Frameworks/VideoToolbox.framework/Versions/A/VideoToolbox
0x00007fff50d75000 	/System/Library/PrivateFrameworks/CoreAUC.framework/Versions/A/CoreAUC
0x00007fff728dd000 	/usr/lib/libspindump.dylib
0x00007fff4ddd4000 	/System/Library/PrivateFrameworks/AudioResourceArbitration.framework/Versions/A/AudioResourceArbitration
0x00007fff4d7e9000 	/System/Library/PrivateFrameworks/AppleVA.framework/Versions/A/AppleVA
0x00007fff354b7000 	/System/Library/Frameworks/Accelerate.framework/Versions/A/Frameworks/vImage.framework/Versions/A/Libraries/libCGInterfaces.dylib
0x0000000131f0b000 	/usr/lib/libobjc-trampolines.dylib
0x00007fff560d6000 	/System/Library/PrivateFrameworks/FontServices.framework/libTrueTypeScaler.dylib
0x00007fff2f02f000 	/System/Library/Extensions/AppleIntelBDWGraphicsMTLDriver.bundle/Contents/MacOS/AppleIntelBDWGraphicsMTLDriver
0x00007fff59660000 	/System/Library/PrivateFrameworks/GPUCompiler.framework/Versions/3902/Libraries/libmetal_timestamp.dylib
0x00007fff6c5b3000 	/System/Library/PrivateFrameworks/ViewBridge.framework/Versions/A/ViewBridge
0x00007fff443c1000 	/System/Library/Frameworks/OpenGL.framework/Versions/A/Resources/GLEngine.bundle/GLEngine
0x00007fff437a4000 	/System/Library/Frameworks/OpenGL.framework/Versions/A/Libraries/libGLProgrammability.dylib
0x00007fff2eb2e000 	/System/Library/Extensions/AppleIntelBDWGraphicsGLDriver.bundle/Contents/MacOS/AppleIntelBDWGraphicsGLDriver
0x00007fff5ad0f000 	/System/Library/PrivateFrameworks/GPUSupport.framework/Versions/A/Libraries/libGPUSupportMercury.dylib
0x00007fff4453b000 	/System/Library/Frameworks/OpenGL.framework/Versions/A/Resources/GLRendererFloat.bundle/GLRendererFloat
0x00007fff42d5d000 	/System/Library/Frameworks/OpenCL.framework/Versions/A/Libraries/libcldcpuengine.dylib
0x00007fff6d844000 	/System/Library/PrivateFrameworks/login.framework/Versions/A/login
0x000000013379c000 	/private/var/folders/f8/fmdmmwp11hvb7t9zcw0k0sqw0000gn/T/AppTranslocation/B3C3689D-14CC-40BA-BA51-CCE7B3580A0F/d/BlueJ.app/Contents/JDK/Home/lib/libosxui.dylib


VM Arguments:
jvm_args: -ea -agentlib:jdwp=transport=dt_socket,address=127.0.0.1:55668 -Dfile.encoding=UTF-8 
java_command: bluej.runtime.ExecServer UTF-8
java_class_path (initial): /private/var/folders/f8/fmdmmwp11hvb7t9zcw0k0sqw0000gn/T/AppTranslocation/B3C3689D-14CC-40BA-BA51-CCE7B3580A0F/d/BlueJ.app/Contents/Resources/Java/bluejcore.jar:/private/var/folders/f8/fmdmmwp11hvb7t9zcw0k0sqw0000gn/T/AppTranslocation/B3C3689D-14CC-40BA-BA51-CCE7B3580A0F/d/BlueJ.app/Contents/Resources/Java/junit-4.11.jar:/private/var/folders/f8/fmdmmwp11hvb7t9zcw0k0sqw0000gn/T/AppTranslocation/B3C3689D-14CC-40BA-BA51-CCE7B3580A0F/d/BlueJ.app/Contents/Resources/Java/hamcrest-core-1.3.jar:/private/var/folders/f8/fmdmmwp11hvb7t9zcw0k0sqw0000gn/T/AppTranslocation/B3C3689D-14CC-40BA-BA51-CCE7B3580A0F/d/BlueJ.app/Contents/Resources/Java/lang-stride.jar:/private/var/folders/f8/fmdmmwp11hvb7t9zcw0k0sqw0000gn/T/AppTranslocation/B3C3689D-14CC-40BA-BA51-CCE7B3580A0F/d/BlueJ.app/Contents/Resources/Java/javafx/lib/javafx.base.jar:/private/var/folders/f8/fmdmmwp11hvb7t9zcw0k0sqw0000gn/T/AppTranslocation/B3C3689D-14CC-40BA-BA51-CCE7B3580A0F/d/BlueJ.app/Contents/Resources/Java/javafx/lib/javafx.controls.jar:/private/var/folders/f8/fmdmmwp11hvb7t9zcw0k0sqw0000gn/T/AppTranslocation/B3C3689D-14CC-40BA-BA51-CCE7B3580A0F/d/BlueJ.app/Contents/Resources/Java/javafx/lib/javafx.fxml.jar:/private/var/folders/f8/fmdmmwp11hvb7t9zcw0k0sqw0000gn/T/AppTranslocation/B3C3689D-14CC-40BA-BA51-CCE7B3580A0F/d/BlueJ.app/Contents/Resources/Java/javafx/lib/javafx.graphics.jar:/private/var/folders/f8/fmdmmwp11hvb7t9zcw0k0sqw0000gn/T/AppTranslocation/B3C3689D-14CC-40BA-BA51-CCE7B3580A0F/d/BlueJ.app/Contents/Resources/Java/javafx/lib/javafx.media.jar:/private/var/folders/f8/fmdmmwp11hvb7t9zcw0k0sqw0000gn/T/AppTranslocation/B3C3689D-14CC-40BA-BA51-CCE7B3580A0F/d/BlueJ.app/Contents/Resources/Java/javafx/lib/javafx.properties.jar:/private/var/folders/f8/fmdmmwp11hvb7t9zcw0k0sqw0000gn/T/AppTranslocation/B3C3689D-14CC-40BA-BA51-CCE7B3580A0F/d/BlueJ.app/Contents/Resources/Java/javafx/lib/javafx.swing.jar:/private/var/folders/f8/fmdmmwp11hvb7t9zcw0k0sqw0000gn/T/AppTranslocation/B3C3689D
Launcher Type: SUN_STANDARD

[Global flags]
     intx CICompilerCount                          = 3                                         {product} {ergonomic}
     uint ConcGCThreads                            = 1                                         {product} {ergonomic}
     uint G1ConcRefinementThreads                  = 4                                         {product} {ergonomic}
   size_t G1HeapRegionSize                         = 1048576                                   {product} {ergonomic}
    uintx GCDrainStackTargetSize                   = 64                                        {product} {ergonomic}
   size_t InitialHeapSize                          = 134217728                                 {product} {ergonomic}
   size_t MarkStackSize                            = 4194304                                   {product} {ergonomic}
   size_t MaxHeapSize                              = 2147483648                                {product} {ergonomic}
   size_t MaxNewSize                               = 1287651328                                {product} {ergonomic}
   size_t MinHeapDeltaBytes                        = 1048576                                   {product} {ergonomic}
    uintx NonNMethodCodeHeapSize                   = 5830092                                {pd product} {ergonomic}
    uintx NonProfiledCodeHeapSize                  = 122914074                              {pd product} {ergonomic}
    uintx ProfiledCodeHeapSize                     = 122914074                              {pd product} {ergonomic}
    uintx ReservedCodeCacheSize                    = 251658240                              {pd product} {ergonomic}
     bool SegmentedCodeCache                       = true                                      {product} {ergonomic}
     bool UseCompressedClassPointers               = true                                 {lp64_product} {ergonomic}
     bool UseCompressedOops                        = true                                 {lp64_product} {ergonomic}
     bool UseG1GC                                  = true                                      {product} {ergonomic}

Logging:
Log output configuration:
 #0: stdout all=warning uptime,level,tags
 #1: stderr all=off uptime,level,tags

Environment Variables:
PATH=/usr/bin:/bin:/usr/sbin:/sbin
SHELL=/bin/bash

Signal Handlers:
SIGSEGV: [libjvm.dylib+0x73f4e4], sa_mask[0]=11111111011111110111111111111111, sa_flags=SA_ONSTACK|SA_RESTART|SA_SIGINFO
SIGBUS: [libjvm.dylib+0x73f4e4], sa_mask[0]=11111111011111110111111111111111, sa_flags=SA_RESTART|SA_SIGINFO
SIGFPE: [libjvm.dylib+0x73f4e4], sa_mask[0]=11111111011111110111111111111111, sa_flags=SA_RESTART|SA_SIGINFO
SIGPIPE: [libjvm.dylib+0x5f2192], sa_mask[0]=11111111011111110111111111111111, sa_flags=SA_RESTART|SA_SIGINFO
SIGXFSZ: [libjvm.dylib+0x5f2192], sa_mask[0]=11111111011111110111111111111111, sa_flags=SA_RESTART|SA_SIGINFO
SIGILL: [libjvm.dylib+0x73f4e4], sa_mask[0]=11111111011111110111111111111111, sa_flags=SA_RESTART|SA_SIGINFO
SIGUSR2: [libjvm.dylib+0x5f2777], sa_mask[0]=00100000000000000000000000000000, sa_flags=SA_RESTART|SA_SIGINFO
SIGHUP: [libjvm.dylib+0x5f11d3], sa_mask[0]=11111111011111110111111111111111, sa_flags=SA_RESTART|SA_SIGINFO
SIGINT: [libjvm.dylib+0x5f11d3], sa_mask[0]=11111111011111110111111111111111, sa_flags=SA_RESTART|SA_SIGINFO
SIGTERM: [libjvm.dylib+0x5f11d3], sa_mask[0]=11111111011111110111111111111111, sa_flags=SA_RESTART|SA_SIGINFO
SIGQUIT: [libjvm.dylib+0x5f11d3], sa_mask[0]=11111111011111110111111111111111, sa_flags=SA_RESTART|SA_SIGINFO


---------------  S Y S T E M  ---------------

OS:uname:Darwin 19.6.0 Darwin Kernel Version 19.6.0: Thu Jun 18 20:49:00 PDT 2020; root:xnu-6153.141.1~1/RELEASE_X86_64 x86_64
rlimit: STACK 8192k, CORE 0k, NPROC 1392, NOFILE 10240, AS infinity, DATA infinity, FSIZE infinity
load average:1.57 1.83 1.95

CPU:total 4 (initial active 4) (2 cores per cpu, 2 threads per core) family 6 model 61 stepping 4, cmov, cx8, fxsr, mmx, sse, sse2, sse3, ssse3, sse4.1, sse4.2, popcnt, avx, avx2, aes, clmul, erms, rtm, 3dnowpref, lzcnt, ht, tsc, tscinvbit, bmi1, bmi2, adx, fma

Memory: 4k page, physical 8388608k(24944k free)

vm_info: OpenJDK 64-Bit Server VM (11.0.2+9) for bsd-amd64 JRE (11.0.2+9), built on Jan 18 2019 08:16:22 by "mach5one" with gcc 4.2.1 Compatible Apple LLVM 9.1.0 (clang-902.0.39.2)

END.
